<?xml version="1.0" encoding="UTF-8"?>
<!-- Generated by org.testng.reporters.JUnitReportReporter -->
<testsuite hostname="Ks-MacBook-Air.local" failures="2" tests="7" name="parallel.ParallelRun" time="170.830" errors="0" timestamp="10 May 2021 10:51:38 GMT" skipped="0">
  <testcase classname="parallel.ParallelRun" name="runScenario" time="26.899"/>
  <testcase classname="parallel.ParallelRun" name="runScenario" time="18.342"/>
  <testcase classname="parallel.ParallelRun" name="runScenario" time="25.342"/>
  <testcase classname="parallel.ParallelRun" name="runScenario" time="27.427">
    <failure type="junit.framework.AssertionFailedError">
      <![CDATA[junit.framework.AssertionFailedError
at junit.framework.Assert.fail(Assert.java:55)
at junit.framework.Assert.assertTrue(Assert.java:22)
at junit.framework.Assert.assertTrue(Assert.java:31)
at parallel.AccountsPageSteps.user_gets_accounts_section(AccountsPageSteps.java:44)
at ✽.user gets accounts section(classpath:parallel/acc.feature:15)
]]>
    </failure>
  </testcase> <!-- runScenario -->
  <testcase classname="parallel.ParallelRun" name="runScenario" time="27.443">
    <failure type="junit.framework.AssertionFailedError">
      <![CDATA[junit.framework.AssertionFailedError
at junit.framework.Assert.fail(Assert.java:55)
at junit.framework.Assert.assertTrue(Assert.java:22)
at junit.framework.Assert.assertTrue(Assert.java:31)
at parallel.AccountsPageSteps.user_gets_accounts_section(AccountsPageSteps.java:44)
at ✽.user gets accounts section(classpath:parallel/MyAccountPage.feature:15)
]]>
    </failure>
  </testcase> <!-- runScenario -->
  <testcase classname="parallel.ParallelRun" name="runScenario" time="26.085"/>
  <testcase classname="parallel.ParallelRun" name="runScenario" time="19.292"/>
</testsuite> <!-- parallel.ParallelRun -->
